<?xml version="1.0" encoding="UTF-8"?>
<!-- Generated by org.testng.reporters.JUnitReportReporter -->
<testsuite hostname="igate-pc" failures="0" tests="4" name="testcases.TC_01_Register" time="3.832" errors="0" timestamp="2024-04-27T15:26:56 IST" skipped="0">
  <testcase classname="testcases.TC_01_Register" name="register" time="0.671"/>
  <system-out/>
  <testcase classname="testcases.TC_01_Register" name="registerDataentry" time="2.027"/>
  <system-out/>
  <testcase classname="testcases.TC_01_Register" name="loggingout" time="1.126"/>
  <system-out/>
  <testcase classname="testcases.TC_01_Register" name="logoutToHome" time="0.008"/>
  <system-out/>
</testsuite> <!-- testcases.TC_01_Register -->
