<?xml version="1.0" encoding="UTF-8"?>
<!-- Generated by org.testng.reporters.JUnitReportReporter -->
<testsuite hostname="igate-pc" failures="0" tests="4" name="testcases.TC_02_Login" time="2.506" errors="0" timestamp="2024-04-27T15:33:18 IST" skipped="0">
  <testcase classname="testcases.TC_02_Login" name="login" time="0.614"/>
  <system-out/>
  <testcase classname="testcases.TC_02_Login" name="login_data_entry" time="0.750"/>
  <system-out/>
  <testcase classname="testcases.TC_02_Login" name="loggingout" time="1.130"/>
  <system-out/>
  <testcase classname="testcases.TC_02_Login" name="logoutToHome" time="0.012"/>
  <system-out/>
</testsuite> <!-- testcases.TC_02_Login -->
