<?xml version="1.0" encoding="UTF-8"?>
<!-- Generated by org.testng.reporters.JUnitReportReporter -->
<testsuite hostname="igate-pc" failures="0" tests="4" name="testcases.TC_02_Login_DataDriven" time="8.476" errors="0" timestamp="2024-04-27T15:26:56 IST" skipped="0">
  <testcase classname="testcases.TC_02_Login_DataDriven" name="login_data_entry" time="1.773"/>
  <system-out/>
  <testcase classname="testcases.TC_02_Login_DataDriven" name="login_data_entry" time="2.496"/>
  <system-out/>
  <testcase classname="testcases.TC_02_Login_DataDriven" name="login_data_entry" time="1.769"/>
  <system-out/>
  <testcase classname="testcases.TC_02_Login_DataDriven" name="login_data_entry" time="2.438"/>
  <system-out/>
</testsuite> <!-- testcases.TC_02_Login_DataDriven -->
