<?xml version="1.0" encoding="UTF-8"?>
<!-- Generated by org.testng.reporters.JUnitReportReporter -->
<testsuite hostname="igate-pc" failures="0" tests="4" name="testcases.TC_01_Register" time="4.494" errors="0" timestamp="2024-04-30T15:38:31 IST" skipped="0">
  <testcase classname="testcases.TC_01_Register" name="register" time="0.854"/>
  <system-out/>
  <testcase classname="testcases.TC_01_Register" name="registerDataentry" time="2.522"/>
  <system-out/>
  <testcase classname="testcases.TC_01_Register" name="loggingout" time="1.106"/>
  <system-out/>
  <testcase classname="testcases.TC_01_Register" name="logoutToHome" time="0.012"/>
  <system-out/>
</testsuite> <!-- testcases.TC_01_Register -->
