<?xml version="1.0" encoding="UTF-8"?>
<!-- Generated by org.testng.reporters.JUnitReportReporter -->
<testsuite hostname="igate-pc" failures="0" tests="4" name="testcases.TC_02_Login" time="2.840" errors="0" timestamp="2024-04-30T15:38:31 IST" skipped="0">
  <testcase classname="testcases.TC_02_Login" name="login" time="0.764"/>
  <system-out/>
  <testcase classname="testcases.TC_02_Login" name="login_data_entry" time="0.867"/>
  <system-out/>
  <testcase classname="testcases.TC_02_Login" name="loggingout" time="1.190"/>
  <system-out/>
  <testcase classname="testcases.TC_02_Login" name="logoutToHome" time="0.019"/>
  <system-out/>
</testsuite> <!-- testcases.TC_02_Login -->
